<?xml version="1.0" encoding="UTF-8"?>
<testng-results skipped="0" failed="0" ignored="0" total="1" passed="1">
  <reporter-output>
  </reporter-output>
  <suite name="Default suite" duration-ms="74614" started-at="2019-06-07T11:11:02Z" finished-at="2019-06-07T11:12:17Z">
    <groups>
    </groups>
    <test name="Default test" duration-ms="74614" started-at="2019-06-07T11:11:02Z" finished-at="2019-06-07T11:12:17Z">
      <class name="jenkinseltest.TestRep">
        <test-method status="PASS" signature="disp()[pri:0, instance:jenkinseltest.TestRep@396a51ab]" name="disp" duration-ms="74576" started-at="2019-06-07T11:11:02Z" finished-at="2019-06-07T11:12:17Z">
          <reporter-output>
          </reporter-output>
        </test-method> <!-- disp -->
      </class> <!-- jenkinseltest.TestRep -->
    </test> <!-- Default test -->
  </suite> <!-- Default suite -->
</testng-results>
